# JRE version: Java(TM) SE Runtime Environment (8.0_171-b11) (build 1.8.0_171-b11)
# Java VM: Java HotSpot(TM) 64-Bit Server VM (25.171-b11 mixed mode windows-amd64 compressed oops)
Heap:
 PSYoungGen      total 312320K, used 293703K [0x00000000eab80000, 0x00000000ffe00000, 0x0000000100000000)
  eden space 287232K, 100% used [0x00000000eab80000,0x00000000fc400000,0x00000000fc400000)
  from space 25088K, 25% used [0x00000000fc400000,0x00000000fca51c30,0x00000000fdc80000)
  to   space 24576K, 15% used [0x00000000fe600000,0x00000000fe9a6070,0x00000000ffe00000)
 ParOldGen       total 111104K, used 46221K [0x00000000c0200000, 0x00000000c6e80000, 0x00000000eab80000)
  object space 111104K, 41% used [0x00000000c0200000,0x00000000c2f23660,0x00000000c6e80000)
 Metaspace       used 60961K, capacity 62194K, committed 62464K, reserved 1103872K
  class space    used 7599K, capacity 7910K, committed 7936K, reserved 1048576K
GC Heap History (10 events):
Event: 23.717 GC heap after
Heap after GC invocations=12 (full 2):
 PSYoungGen      total 253952K, used 18428K [0x00000000eab80000, 0x00000000fbc80000, 0x0000000100000000)
  eden space 235520K, 0% used [0x00000000eab80000,0x00000000eab80000,0x00000000f9180000)
  from space 18432K, 99% used [0x00000000fa780000,0x00000000fb97f100,0x00000000fb980000)
  to   space 22016K, 0% used [0x00000000f9180000,0x00000000f9180000,0x00000000fa700000)
 ParOldGen       total 70656K, used 27532K [0x00000000c0200000, 0x00000000c4700000, 0x00000000eab80000)
  object space 70656K, 38% used [0x00000000c0200000,0x00000000c1ce3188,0x00000000c4700000)
 Metaspace       used 48723K, capacity 49334K, committed 49792K, reserved 1093632K
  class space    used 6136K, capacity 6256K, committed 6272K, reserved 1048576K
}
Event: 33.286 GC heap before
{Heap before GC invocations=13 (full 2):
 PSYoungGen      total 253952K, used 253948K [0x00000000eab80000, 0x00000000fbc80000, 0x0000000100000000)
  eden space 235520K, 100% used [0x00000000eab80000,0x00000000f9180000,0x00000000f9180000)
  from space 18432K, 99% used [0x00000000fa780000,0x00000000fb97f100,0x00000000fb980000)
  to   space 22016K, 0% used [0x00000000f9180000,0x00000000f9180000,0x00000000fa700000)
 ParOldGen       total 70656K, used 27532K [0x00000000c0200000, 0x00000000c4700000, 0x00000000eab80000)
  object space 70656K, 38% used [0x00000000c0200000,0x00000000c1ce3188,0x00000000c4700000)
 Metaspace       used 54732K, capacity 55500K, committed 55680K, reserved 1097728K
  class space    used 6819K, capacity 6990K, committed 7040K, reserved 1048576K
Event: 33.382 GC heap after
Heap after GC invocations=13 (full 2):
 PSYoungGen      total 257536K, used 21990K [0x00000000eab80000, 0x00000000ff600000, 0x0000000100000000)
  eden space 235520K, 0% used [0x00000000eab80000,0x00000000eab80000,0x00000000f9180000)
  from space 22016K, 99% used [0x00000000f9180000,0x00000000fa6f9be0,0x00000000fa700000)
  to   space 26112K, 0% used [0x00000000fdc80000,0x00000000fdc80000,0x00000000ff600000)
 ParOldGen       total 70656K, used 28933K [0x00000000c0200000, 0x00000000c4700000, 0x00000000eab80000)
  object space 70656K, 40% used [0x00000000c0200000,0x00000000c1e414b8,0x00000000c4700000)
 Metaspace       used 54732K, capacity 55500K, committed 55680K, reserved 1097728K
  class space    used 6819K, capacity 6990K, committed 7040K, reserved 1048576K
}
Event: 35.555 GC heap before
{Heap before GC invocations=14 (full 2):
 PSYoungGen      total 257536K, used 72711K [0x00000000eab80000, 0x00000000ff600000, 0x0000000100000000)
  eden space 235520K, 21% used [0x00000000eab80000,0x00000000edd08308,0x00000000f9180000)
  from space 22016K, 99% used [0x00000000f9180000,0x00000000fa6f9be0,0x00000000fa700000)
  to   space 26112K, 0% used [0x00000000fdc80000,0x00000000fdc80000,0x00000000ff600000)
 ParOldGen       total 70656K, used 28933K [0x00000000c0200000, 0x00000000c4700000, 0x00000000eab80000)
  object space 70656K, 40% used [0x00000000c0200000,0x00000000c1e414b8,0x00000000c4700000)
 Metaspace       used 58074K, capacity 58928K, committed 59096K, reserved 1101824K
  class space    used 7259K, capacity 7472K, committed 7552K, reserved 1048576K
Event: 35.646 GC heap after
Heap after GC invocations=14 (full 2):
 PSYoungGen      total 313344K, used 7050K [0x00000000eab80000, 0x00000000ffa80000, 0x0000000100000000)
  eden space 287232K, 0% used [0x00000000eab80000,0x00000000eab80000,0x00000000fc400000)
  from space 26112K, 27% used [0x00000000fdc80000,0x00000000fe362aa8,0x00000000ff600000)
  to   space 25088K, 0% used [0x00000000fc400000,0x00000000fc400000,0x00000000fdc80000)
 ParOldGen       total 70656K, used 48956K [0x00000000c0200000, 0x00000000c4700000, 0x00000000eab80000)
  object space 70656K, 69% used [0x00000000c0200000,0x00000000c31cf190,0x00000000c4700000)
 Metaspace       used 58074K, capacity 58928K, committed 59096K, reserved 1101824K
  class space    used 7259K, capacity 7472K, committed 7552K, reserved 1048576K
}
Event: 35.646 GC heap before
{Heap before GC invocations=15 (full 3):
 PSYoungGen      total 313344K, used 7050K [0x00000000eab80000, 0x00000000ffa80000, 0x0000000100000000)
  eden space 287232K, 0% used [0x00000000eab80000,0x00000000eab80000,0x00000000fc400000)
  from space 26112K, 27% used [0x00000000fdc80000,0x00000000fe362aa8,0x00000000ff600000)
  to   space 25088K, 0% used [0x00000000fc400000,0x00000000fc400000,0x00000000fdc80000)
 ParOldGen       total 70656K, used 48956K [0x00000000c0200000, 0x00000000c4700000, 0x00000000eab80000)
  object space 70656K, 69% used [0x00000000c0200000,0x00000000c31cf190,0x00000000c4700000)
 Metaspace       used 58074K, capacity 58928K, committed 59096K, reserved 1101824K
  class space    used 7259K, capacity 7472K, committed 7552K, reserved 1048576K
Event: 36.390 GC heap after
Heap after GC invocations=15 (full 3):
 PSYoungGen      total 313344K, used 0K [0x00000000eab80000, 0x00000000ffa80000, 0x0000000100000000)
  eden space 287232K, 0% used [0x00000000eab80000,0x00000000eab80000,0x00000000fc400000)
  from space 26112K, 0% used [0x00000000fdc80000,0x00000000fdc80000,0x00000000ff600000)
  to   space 25088K, 0% used [0x00000000fc400000,0x00000000fc400000,0x00000000fdc80000)
 ParOldGen       total 111104K, used 46205K [0x00000000c0200000, 0x00000000c6e80000, 0x00000000eab80000)
  object space 111104K, 41% used [0x00000000c0200000,0x00000000c2f1f660,0x00000000c6e80000)
 Metaspace       used 58063K, capacity 58910K, committed 59096K, reserved 1101824K
  class space    used 7257K, capacity 7469K, committed 7552K, reserved 1048576K
}
Event: 871.890 GC heap before
{Heap before GC invocations=16 (full 3):
 PSYoungGen      total 313344K, used 287232K [0x00000000eab80000, 0x00000000ffa80000, 0x0000000100000000)
  eden space 287232K, 100% used [0x00000000eab80000,0x00000000fc400000,0x00000000fc400000)
  from space 26112K, 0% used [0x00000000fdc80000,0x00000000fdc80000,0x00000000ff600000)
  to   space 25088K, 0% used [0x00000000fc400000,0x00000000fc400000,0x00000000fdc80000)
 ParOldGen       total 111104K, used 46205K [0x00000000c0200000, 0x00000000c6e80000, 0x00000000eab80000)
  object space 111104K, 41% used [0x00000000c0200000,0x00000000c2f1f660,0x00000000c6e80000)
 Metaspace       used 60927K, capacity 62130K, committed 62208K, reserved 1103872K
  class space    used 7599K, capacity 7910K, committed 7936K, reserved 1048576K
Event: 871.921 GC heap after
Heap after GC invocations=16 (full 3):
 PSYoungGen      total 312320K, used 6471K [0x00000000eab80000, 0x00000000ffe00000, 0x0000000100000000)
  eden space 287232K, 0% used [0x00000000eab80000,0x00000000eab80000,0x00000000fc400000)
  from space 25088K, 25% used [0x00000000fc400000,0x00000000fca51c30,0x00000000fdc80000)
  to   space 24576K, 0% used [0x00000000fe600000,0x00000000fe600000,0x00000000ffe00000)
 ParOldGen       total 111104K, used 46213K [0x00000000c0200000, 0x00000000c6e80000, 0x00000000eab80000)
  object space 111104K, 41% used [0x00000000c0200000,0x00000000c2f21660,0x00000000c6e80000)
 Metaspace       used 60927K, capacity 62130K, committed 62208K, reserved 1103872K
  class space    used 7599K, capacity 7910K, committed 7936K, reserved 1048576K
}
Event: 2726.906 GC heap before
{Heap before GC invocations=17 (full 3):
 PSYoungGen      total 312320K, used 293703K [0x00000000eab80000, 0x00000000ffe00000, 0x0000000100000000)
  eden space 287232K, 100% used [0x00000000eab80000,0x00000000fc400000,0x00000000fc400000)
  from space 25088K, 25% used [0x00000000fc400000,0x00000000fca51c30,0x00000000fdc80000)
  to   space 24576K, 0% used [0x00000000fe600000,0x00000000fe600000,0x00000000ffe00000)
 ParOldGen       total 111104K, used 46213K [0x00000000c0200000, 0x00000000c6e80000, 0x00000000eab80000)
  object space 111104K, 41% used [0x00000000c0200000,0x00000000c2f21660,0x00000000c6e80000)
 Metaspace       used 60961K, capacity 62194K, committed 62464K, reserved 1103872K
  class space    used 7599K, capacity 7910K, committed 7936K, reserved 1048576K

