# JRE version: Java(TM) SE Runtime Environment (8.0_171-b11) (build 1.8.0_171-b11)
# Java VM: Java HotSpot(TM) 64-Bit Server VM (25.171-b11 mixed mode windows-amd64 compressed oops)
Heap:
 PSYoungGen      total 72192K, used 38748K [0x00000000eab80000, 0x00000000f3980000, 0x0000000100000000)
  eden space 64000K, 60% used [0x00000000eab80000,0x00000000ed157240,0x00000000eea00000)
  from space 8192K, 0% used [0x00000000eea00000,0x00000000eea00000,0x00000000ef200000)
  to   space 8704K, 0% used [0x00000000f3100000,0x00000000f3100000,0x00000000f3980000)
 ParOldGen       total 36352K, used 7586K [0x00000000c0200000, 0x00000000c2580000, 0x00000000eab80000)
  object space 36352K, 20% used [0x00000000c0200000,0x00000000c0968948,0x00000000c2580000)
 Metaspace       used 21376K, capacity 21762K, committed 21936K, reserved 1069056K
  class space    used 2586K, capacity 2706K, committed 2816K, reserved 1048576K
GC Heap History (10 events):
Event: 3.211 GC heap before
{Heap before GC invocations=4 (full 0):
 PSYoungGen      total 18944K, used 18916K [0x00000000eab80000, 0x00000000ed080000, 0x0000000100000000)
  eden space 16384K, 100% used [0x00000000eab80000,0x00000000ebb80000,0x00000000ebb80000)
  from space 2560K, 98% used [0x00000000ebb80000,0x00000000ebdf9158,0x00000000ebe00000)
  to   space 2560K, 0% used [0x00000000ece00000,0x00000000ece00000,0x00000000ed080000)
 ParOldGen       total 44032K, used 379K [0x00000000c0200000, 0x00000000c2d00000, 0x00000000eab80000)
  object space 44032K, 0% used [0x00000000c0200000,0x00000000c025eff8,0x00000000c2d00000)
 Metaspace       used 9144K, capacity 9324K, committed 9472K, reserved 1056768K
  class space    used 1162K, capacity 1209K, committed 1280K, reserved 1048576K
Event: 3.222 GC heap after
Heap after GC invocations=4 (full 0):
 PSYoungGen      total 35328K, used 2530K [0x00000000eab80000, 0x00000000ed080000, 0x0000000100000000)
  eden space 32768K, 0% used [0x00000000eab80000,0x00000000eab80000,0x00000000ecb80000)
  from space 2560K, 98% used [0x00000000ece00000,0x00000000ed078be0,0x00000000ed080000)
  to   space 2560K, 0% used [0x00000000ecb80000,0x00000000ecb80000,0x00000000ece00000)
 ParOldGen       total 44032K, used 1201K [0x00000000c0200000, 0x00000000c2d00000, 0x00000000eab80000)
  object space 44032K, 2% used [0x00000000c0200000,0x00000000c032c710,0x00000000c2d00000)
 Metaspace       used 9144K, capacity 9324K, committed 9472K, reserved 1056768K
  class space    used 1162K, capacity 1209K, committed 1280K, reserved 1048576K
}
Event: 4.440 GC heap before
{Heap before GC invocations=5 (full 0):
 PSYoungGen      total 35328K, used 35298K [0x00000000eab80000, 0x00000000ed080000, 0x0000000100000000)
  eden space 32768K, 100% used [0x00000000eab80000,0x00000000ecb80000,0x00000000ecb80000)
  from space 2560K, 98% used [0x00000000ece00000,0x00000000ed078be0,0x00000000ed080000)
  to   space 2560K, 0% used [0x00000000ecb80000,0x00000000ecb80000,0x00000000ece00000)
 ParOldGen       total 44032K, used 1201K [0x00000000c0200000, 0x00000000c2d00000, 0x00000000eab80000)
  object space 44032K, 2% used [0x00000000c0200000,0x00000000c032c710,0x00000000c2d00000)
 Metaspace       used 13948K, capacity 14060K, committed 14336K, reserved 1062912K
  class space    used 1700K, capacity 1721K, committed 1792K, reserved 1048576K
Event: 4.461 GC heap after
Heap after GC invocations=5 (full 0):
 PSYoungGen      total 35328K, used 2544K [0x00000000eab80000, 0x00000000ef880000, 0x0000000100000000)
  eden space 32768K, 0% used [0x00000000eab80000,0x00000000eab80000,0x00000000ecb80000)
  from space 2560K, 99% used [0x00000000ecb80000,0x00000000ecdfc030,0x00000000ece00000)
  to   space 6656K, 0% used [0x00000000ef200000,0x00000000ef200000,0x00000000ef880000)
 ParOldGen       total 44032K, used 5631K [0x00000000c0200000, 0x00000000c2d00000, 0x00000000eab80000)
  object space 44032K, 12% used [0x00000000c0200000,0x00000000c077fc48,0x00000000c2d00000)
 Metaspace       used 13948K, capacity 14060K, committed 14336K, reserved 1062912K
  class space    used 1700K, capacity 1721K, committed 1792K, reserved 1048576K
}
Event: 6.396 GC heap before
{Heap before GC invocations=6 (full 0):
 PSYoungGen      total 35328K, used 35312K [0x00000000eab80000, 0x00000000ef880000, 0x0000000100000000)
  eden space 32768K, 100% used [0x00000000eab80000,0x00000000ecb80000,0x00000000ecb80000)
  from space 2560K, 99% used [0x00000000ecb80000,0x00000000ecdfc030,0x00000000ece00000)
  to   space 6656K, 0% used [0x00000000ef200000,0x00000000ef200000,0x00000000ef880000)
 ParOldGen       total 44032K, used 5631K [0x00000000c0200000, 0x00000000c2d00000, 0x00000000eab80000)
  object space 44032K, 12% used [0x00000000c0200000,0x00000000c077fc48,0x00000000c2d00000)
 Metaspace       used 18682K, capacity 18866K, committed 19072K, reserved 1067008K
  class space    used 2263K, capacity 2321K, committed 2432K, reserved 1048576K
Event: 6.426 GC heap after
Heap after GC invocations=6 (full 0):
 PSYoungGen      total 70656K, used 6625K [0x00000000eab80000, 0x00000000efb80000, 0x0000000100000000)
  eden space 64000K, 0% used [0x00000000eab80000,0x00000000eab80000,0x00000000eea00000)
  from space 6656K, 99% used [0x00000000ef200000,0x00000000ef878628,0x00000000ef880000)
  to   space 8192K, 0% used [0x00000000eea00000,0x00000000eea00000,0x00000000ef200000)
 ParOldGen       total 44032K, used 6211K [0x00000000c0200000, 0x00000000c2d00000, 0x00000000eab80000)
  object space 44032K, 14% used [0x00000000c0200000,0x00000000c0810ce8,0x00000000c2d00000)
 Metaspace       used 18682K, capacity 18866K, committed 19072K, reserved 1067008K
  class space    used 2263K, capacity 2321K, committed 2432K, reserved 1048576K
}
Event: 8.082 GC heap before
{Heap before GC invocations=7 (full 0):
 PSYoungGen      total 70656K, used 39360K [0x00000000eab80000, 0x00000000efb80000, 0x0000000100000000)
  eden space 64000K, 51% used [0x00000000eab80000,0x00000000ecb77d88,0x00000000eea00000)
  from space 6656K, 99% used [0x00000000ef200000,0x00000000ef878628,0x00000000ef880000)
  to   space 8192K, 0% used [0x00000000eea00000,0x00000000eea00000,0x00000000ef200000)
 ParOldGen       total 44032K, used 6211K [0x00000000c0200000, 0x00000000c2d00000, 0x00000000eab80000)
  object space 44032K, 14% used [0x00000000c0200000,0x00000000c0810ce8,0x00000000c2d00000)
 Metaspace       used 20835K, capacity 21118K, committed 21296K, reserved 1069056K
  class space    used 2525K, capacity 2601K, committed 2688K, reserved 1048576K
Event: 8.112 GC heap after
Heap after GC invocations=7 (full 0):
 PSYoungGen      total 72192K, used 6231K [0x00000000eab80000, 0x00000000f3980000, 0x0000000100000000)
  eden space 64000K, 0% used [0x00000000eab80000,0x00000000eab80000,0x00000000eea00000)
  from space 8192K, 76% used [0x00000000eea00000,0x00000000ef015e48,0x00000000ef200000)
  to   space 8704K, 0% used [0x00000000f3100000,0x00000000f3100000,0x00000000f3980000)
 ParOldGen       total 44032K, used 7080K [0x00000000c0200000, 0x00000000c2d00000, 0x00000000eab80000)
  object space 44032K, 16% used [0x00000000c0200000,0x00000000c08ea360,0x00000000c2d00000)
 Metaspace       used 20835K, capacity 21118K, committed 21296K, reserved 1069056K
  class space    used 2525K, capacity 2601K, committed 2688K, reserved 1048576K
}
Event: 8.112 GC heap before
{Heap before GC invocations=8 (full 1):
 PSYoungGen      total 72192K, used 6231K [0x00000000eab80000, 0x00000000f3980000, 0x0000000100000000)
  eden space 64000K, 0% used [0x00000000eab80000,0x00000000eab80000,0x00000000eea00000)
  from space 8192K, 76% used [0x00000000eea00000,0x00000000ef015e48,0x00000000ef200000)
  to   space 8704K, 0% used [0x00000000f3100000,0x00000000f3100000,0x00000000f3980000)
 ParOldGen       total 44032K, used 7080K [0x00000000c0200000, 0x00000000c2d00000, 0x00000000eab80000)
  object space 44032K, 16% used [0x00000000c0200000,0x00000000c08ea360,0x00000000c2d00000)
 Metaspace       used 20835K, capacity 21118K, committed 21296K, reserved 1069056K
  class space    used 2525K, capacity 2601K, committed 2688K, reserved 1048576K
Event: 8.274 GC heap after
Heap after GC invocations=8 (full 1):
 PSYoungGen      total 72192K, used 0K [0x00000000eab80000, 0x00000000f3980000, 0x0000000100000000)
  eden space 64000K, 0% used [0x00000000eab80000,0x00000000eab80000,0x00000000eea00000)
  from space 8192K, 0% used [0x00000000eea00000,0x00000000eea00000,0x00000000ef200000)
  to   space 8704K, 0% used [0x00000000f3100000,0x00000000f3100000,0x00000000f3980000)
 ParOldGen       total 36352K, used 7586K [0x00000000c0200000, 0x00000000c2580000, 0x00000000eab80000)
  object space 36352K, 20% used [0x00000000c0200000,0x00000000c0968948,0x00000000c2580000)
 Metaspace       used 20835K, capacity 21118K, committed 21296K, reserved 1069056K
  class space    used 2525K, capacity 2601K, committed 2688K, reserved 1048576K
}

