# JRE version: Java(TM) SE Runtime Environment (8.0_171-b11) (build 1.8.0_171-b11)
# Java VM: Java HotSpot(TM) 64-Bit Server VM (25.171-b11 mixed mode windows-amd64 compressed oops)
Heap:
 PSYoungGen      total 285184K, used 274720K [0x00000000eab80000, 0x00000000ff000000, 0x0000000100000000)
  eden space 261632K, 100% used [0x00000000eab80000,0x00000000fab00000,0x00000000fab00000)
  from space 23552K, 55% used [0x00000000fc280000,0x00000000fcf48318,0x00000000fd980000)
  to   space 24064K, 70% used [0x00000000fab00000,0x00000000fbb9deb8,0x00000000fc280000)
 ParOldGen       total 102400K, used 39921K [0x00000000c0200000, 0x00000000c6600000, 0x00000000eab80000)
  object space 102400K, 38% used [0x00000000c0200000,0x00000000c28fc418,0x00000000c6600000)
 Metaspace       used 83594K, capacity 85264K, committed 85632K, reserved 1124352K
  class space    used 9562K, capacity 9992K, committed 10112K, reserved 1048576K
GC Heap History (10 events):
Event: 42762.994 GC heap after
Heap after GC invocations=33 (full 6):
 PSYoungGen      total 252928K, used 0K [0x00000000eab80000, 0x00000000fcc80000, 0x0000000100000000)
  eden space 251904K, 0% used [0x00000000eab80000,0x00000000eab80000,0x00000000fa180000)
  from space 1024K, 0% used [0x00000000fa180000,0x00000000fa180000,0x00000000fa280000)
  to   space 22016K, 0% used [0x00000000fb700000,0x00000000fb700000,0x00000000fcc80000)
 ParOldGen       total 102400K, used 32899K [0x00000000c0200000, 0x00000000c6600000, 0x00000000eab80000)
  object space 102400K, 32% used [0x00000000c0200000,0x00000000c2220f00,0x00000000c6600000)
 Metaspace       used 79081K, capacity 80034K, committed 81280K, reserved 1120256K
  class space    used 9217K, capacity 9437K, committed 9856K, reserved 1048576K
}
Event: 42788.087 GC heap before
{Heap before GC invocations=34 (full 6):
 PSYoungGen      total 252928K, used 251904K [0x00000000eab80000, 0x00000000fcc80000, 0x0000000100000000)
  eden space 251904K, 100% used [0x00000000eab80000,0x00000000fa180000,0x00000000fa180000)
  from space 1024K, 0% used [0x00000000fa180000,0x00000000fa180000,0x00000000fa280000)
  to   space 22016K, 0% used [0x00000000fb700000,0x00000000fb700000,0x00000000fcc80000)
 ParOldGen       total 102400K, used 32899K [0x00000000c0200000, 0x00000000c6600000, 0x00000000eab80000)
  object space 102400K, 32% used [0x00000000c0200000,0x00000000c2220f00,0x00000000c6600000)
 Metaspace       used 80095K, capacity 81174K, committed 82048K, reserved 1122304K
  class space    used 9297K, capacity 9555K, committed 9856K, reserved 1048576K
Event: 42788.247 GC heap after
Heap after GC invocations=34 (full 6):
 PSYoungGen      total 272384K, used 14377K [0x00000000eab80000, 0x00000000fd980000, 0x0000000100000000)
  eden space 250368K, 0% used [0x00000000eab80000,0x00000000eab80000,0x00000000fa000000)
  from space 22016K, 65% used [0x00000000fb700000,0x00000000fc50a710,0x00000000fcc80000)
  to   space 23552K, 0% used [0x00000000fa000000,0x00000000fa000000,0x00000000fb700000)
 ParOldGen       total 102400K, used 32907K [0x00000000c0200000, 0x00000000c6600000, 0x00000000eab80000)
  object space 102400K, 32% used [0x00000000c0200000,0x00000000c2222f00,0x00000000c6600000)
 Metaspace       used 80095K, capacity 81174K, committed 82048K, reserved 1122304K
  class space    used 9297K, capacity 9555K, committed 9856K, reserved 1048576K
}
Event: 43104.322 GC heap before
{Heap before GC invocations=35 (full 6):
 PSYoungGen      total 272384K, used 252643K [0x00000000eab80000, 0x00000000fd980000, 0x0000000100000000)
  eden space 250368K, 95% used [0x00000000eab80000,0x00000000f942e520,0x00000000fa000000)
  from space 22016K, 65% used [0x00000000fb700000,0x00000000fc50a710,0x00000000fcc80000)
  to   space 23552K, 0% used [0x00000000fa000000,0x00000000fa000000,0x00000000fb700000)
 ParOldGen       total 102400K, used 32907K [0x00000000c0200000, 0x00000000c6600000, 0x00000000eab80000)
  object space 102400K, 32% used [0x00000000c0200000,0x00000000c2222f00,0x00000000c6600000)
 Metaspace       used 81728K, capacity 83236K, committed 83456K, reserved 1122304K
  class space    used 9467K, capacity 9860K, committed 9984K, reserved 1048576K
Event: 43104.370 GC heap after
Heap after GC invocations=35 (full 6):
 PSYoungGen      total 273920K, used 10590K [0x00000000eab80000, 0x00000000fd980000, 0x0000000100000000)
  eden space 250368K, 0% used [0x00000000eab80000,0x00000000eab80000,0x00000000fa000000)
  from space 23552K, 44% used [0x00000000fa000000,0x00000000faa578c0,0x00000000fb700000)
  to   space 23552K, 0% used [0x00000000fc280000,0x00000000fc280000,0x00000000fd980000)
 ParOldGen       total 102400K, used 32915K [0x00000000c0200000, 0x00000000c6600000, 0x00000000eab80000)
  object space 102400K, 32% used [0x00000000c0200000,0x00000000c2224f00,0x00000000c6600000)
 Metaspace       used 81728K, capacity 83236K, committed 83456K, reserved 1122304K
  class space    used 9467K, capacity 9860K, committed 9984K, reserved 1048576K
}
Event: 43104.370 GC heap before
{Heap before GC invocations=36 (full 7):
 PSYoungGen      total 273920K, used 10590K [0x00000000eab80000, 0x00000000fd980000, 0x0000000100000000)
  eden space 250368K, 0% used [0x00000000eab80000,0x00000000eab80000,0x00000000fa000000)
  from space 23552K, 44% used [0x00000000fa000000,0x00000000faa578c0,0x00000000fb700000)
  to   space 23552K, 0% used [0x00000000fc280000,0x00000000fc280000,0x00000000fd980000)
 ParOldGen       total 102400K, used 32915K [0x00000000c0200000, 0x00000000c6600000, 0x00000000eab80000)
  object space 102400K, 32% used [0x00000000c0200000,0x00000000c2224f00,0x00000000c6600000)
 Metaspace       used 81728K, capacity 83236K, committed 83456K, reserved 1122304K
  class space    used 9467K, capacity 9860K, committed 9984K, reserved 1048576K
Event: 43105.663 GC heap after
Heap after GC invocations=36 (full 7):
 PSYoungGen      total 273920K, used 0K [0x00000000eab80000, 0x00000000fd980000, 0x0000000100000000)
  eden space 250368K, 0% used [0x00000000eab80000,0x00000000eab80000,0x00000000fa000000)
  from space 23552K, 0% used [0x00000000fa000000,0x00000000fa000000,0x00000000fb700000)
  to   space 23552K, 0% used [0x00000000fc280000,0x00000000fc280000,0x00000000fd980000)
 ParOldGen       total 102400K, used 39905K [0x00000000c0200000, 0x00000000c6600000, 0x00000000eab80000)
  object space 102400K, 38% used [0x00000000c0200000,0x00000000c28f8418,0x00000000c6600000)
 Metaspace       used 81708K, capacity 83198K, committed 83456K, reserved 1122304K
  class space    used 9463K, capacity 9852K, committed 9984K, reserved 1048576K
}
Event: 43126.556 GC heap before
{Heap before GC invocations=37 (full 7):
 PSYoungGen      total 273920K, used 250368K [0x00000000eab80000, 0x00000000fd980000, 0x0000000100000000)
  eden space 250368K, 100% used [0x00000000eab80000,0x00000000fa000000,0x00000000fa000000)
  from space 23552K, 0% used [0x00000000fa000000,0x00000000fa000000,0x00000000fb700000)
  to   space 23552K, 0% used [0x00000000fc280000,0x00000000fc280000,0x00000000fd980000)
 ParOldGen       total 102400K, used 39905K [0x00000000c0200000, 0x00000000c6600000, 0x00000000eab80000)
  object space 102400K, 38% used [0x00000000c0200000,0x00000000c28f8418,0x00000000c6600000)
 Metaspace       used 82646K, capacity 84204K, committed 84480K, reserved 1124352K
  class space    used 9537K, capacity 9949K, committed 9984K, reserved 1048576K
Event: 43128.120 GC heap after
Heap after GC invocations=37 (full 7):
 PSYoungGen      total 285184K, used 13088K [0x00000000eab80000, 0x00000000ff000000, 0x0000000100000000)
  eden space 261632K, 0% used [0x00000000eab80000,0x00000000eab80000,0x00000000fab00000)
  from space 23552K, 55% used [0x00000000fc280000,0x00000000fcf48318,0x00000000fd980000)
  to   space 24064K, 0% used [0x00000000fab00000,0x00000000fab00000,0x00000000fc280000)
 ParOldGen       total 102400K, used 39913K [0x00000000c0200000, 0x00000000c6600000, 0x00000000eab80000)
  object space 102400K, 38% used [0x00000000c0200000,0x00000000c28fa418,0x00000000c6600000)
 Metaspace       used 82646K, capacity 84204K, committed 84480K, reserved 1124352K
  class space    used 9537K, capacity 9949K, committed 9984K, reserved 1048576K
}
Event: 43816.379 GC heap before
{Heap before GC invocations=38 (full 7):
 PSYoungGen      total 285184K, used 274720K [0x00000000eab80000, 0x00000000ff000000, 0x0000000100000000)
  eden space 261632K, 100% used [0x00000000eab80000,0x00000000fab00000,0x00000000fab00000)
  from space 23552K, 55% used [0x00000000fc280000,0x00000000fcf48318,0x00000000fd980000)
  to   space 24064K, 0% used [0x00000000fab00000,0x00000000fab00000,0x00000000fc280000)
 ParOldGen       total 102400K, used 39913K [0x00000000c0200000, 0x00000000c6600000, 0x00000000eab80000)
  object space 102400K, 38% used [0x00000000c0200000,0x00000000c28fa418,0x00000000c6600000)
 Metaspace       used 83594K, capacity 85264K, committed 85632K, reserved 1124352K
  class space    used 9562K, capacity 9992K, committed 10112K, reserved 1048576K

