# JRE version: Java(TM) SE Runtime Environment (8.0_171-b11) (build 1.8.0_171-b11)
# Java VM: Java HotSpot(TM) 64-Bit Server VM (25.171-b11 mixed mode windows-amd64 compressed oops)
Heap:
 PSYoungGen      total 182784K, used 159417K [0x00000000eab80000, 0x00000000f7500000, 0x0000000100000000)
  eden space 169984K, 86% used [0x00000000eab80000,0x00000000f3ab0928,0x00000000f5180000)
  from space 12800K, 99% used [0x00000000f6880000,0x00000000f74fde18,0x00000000f7500000)
  to   space 15872K, 0% used [0x00000000f5600000,0x00000000f5600000,0x00000000f6580000)
 ParOldGen       total 64000K, used 24866K [0x00000000c0200000, 0x00000000c4080000, 0x00000000eab80000)
  object space 64000K, 38% used [0x00000000c0200000,0x00000000c1a48b60,0x00000000c4080000)
 Metaspace       used 51738K, capacity 52604K, committed 52864K, reserved 1095680K
  class space    used 6469K, capacity 6666K, committed 6784K, reserved 1048576K
GC Heap History (10 events):
Event: 10.482 GC heap before
{Heap before GC invocations=10 (full 1):
 PSYoungGen      total 105984K, used 105624K [0x00000000eab80000, 0x00000000f3480000, 0x0000000100000000)
  eden space 103424K, 100% used [0x00000000eab80000,0x00000000f1080000,0x00000000f1080000)
  from space 2560K, 85% used [0x00000000f3200000,0x00000000f3426138,0x00000000f3480000)
  to   space 8704K, 0% used [0x00000000f2380000,0x00000000f2380000,0x00000000f2c00000)
 ParOldGen       total 35840K, used 9602K [0x00000000c0200000, 0x00000000c2500000, 0x00000000eab80000)
  object space 35840K, 26% used [0x00000000c0200000,0x00000000c0b60b70,0x00000000c2500000)
 Metaspace       used 26390K, capacity 26836K, committed 27008K, reserved 1073152K
  class space    used 3275K, capacity 3397K, committed 3456K, reserved 1048576K
Event: 10.509 GC heap after
Heap after GC invocations=10 (full 1):
 PSYoungGen      total 131584K, used 8372K [0x00000000eab80000, 0x00000000f4500000, 0x0000000100000000)
  eden space 122880K, 0% used [0x00000000eab80000,0x00000000eab80000,0x00000000f2380000)
  from space 8704K, 96% used [0x00000000f2380000,0x00000000f2bad068,0x00000000f2c00000)
  to   space 9728K, 0% used [0x00000000f3b80000,0x00000000f3b80000,0x00000000f4500000)
 ParOldGen       total 35840K, used 9610K [0x00000000c0200000, 0x00000000c2500000, 0x00000000eab80000)
  object space 35840K, 26% used [0x00000000c0200000,0x00000000c0b62b70,0x00000000c2500000)
 Metaspace       used 26390K, capacity 26836K, committed 27008K, reserved 1073152K
  class space    used 3275K, capacity 3397K, committed 3456K, reserved 1048576K
}
Event: 12.771 GC heap before
{Heap before GC invocations=11 (full 1):
 PSYoungGen      total 131584K, used 131252K [0x00000000eab80000, 0x00000000f4500000, 0x0000000100000000)
  eden space 122880K, 100% used [0x00000000eab80000,0x00000000f2380000,0x00000000f2380000)
  from space 8704K, 96% used [0x00000000f2380000,0x00000000f2bad068,0x00000000f2c00000)
  to   space 9728K, 0% used [0x00000000f3b80000,0x00000000f3b80000,0x00000000f4500000)
 ParOldGen       total 35840K, used 9610K [0x00000000c0200000, 0x00000000c2500000, 0x00000000eab80000)
  object space 35840K, 26% used [0x00000000c0200000,0x00000000c0b62b70,0x00000000c2500000)
 Metaspace       used 30955K, capacity 31340K, committed 31744K, reserved 1077248K
  class space    used 3854K, capacity 3977K, committed 4096K, reserved 1048576K
Event: 12.844 GC heap after
Heap after GC invocations=11 (full 1):
 PSYoungGen      total 143872K, used 9700K [0x00000000eab80000, 0x00000000f6580000, 0x0000000100000000)
  eden space 134144K, 0% used [0x00000000eab80000,0x00000000eab80000,0x00000000f2e80000)
  from space 9728K, 99% used [0x00000000f3b80000,0x00000000f44f9310,0x00000000f4500000)
  to   space 13312K, 0% used [0x00000000f2e80000,0x00000000f2e80000,0x00000000f3b80000)
 ParOldGen       total 35840K, used 15319K [0x00000000c0200000, 0x00000000c2500000, 0x00000000eab80000)
  object space 35840K, 42% used [0x00000000c0200000,0x00000000c10f5fc8,0x00000000c2500000)
 Metaspace       used 30955K, capacity 31340K, committed 31744K, reserved 1077248K
  class space    used 3854K, capacity 3977K, committed 4096K, reserved 1048576K
}
Event: 14.460 GC heap before
{Heap before GC invocations=12 (full 1):
 PSYoungGen      total 143872K, used 67520K [0x00000000eab80000, 0x00000000f6580000, 0x0000000100000000)
  eden space 134144K, 43% used [0x00000000eab80000,0x00000000ee3f6ef8,0x00000000f2e80000)
  from space 9728K, 99% used [0x00000000f3b80000,0x00000000f44f9310,0x00000000f4500000)
  to   space 13312K, 0% used [0x00000000f2e80000,0x00000000f2e80000,0x00000000f3b80000)
 ParOldGen       total 35840K, used 15319K [0x00000000c0200000, 0x00000000c2500000, 0x00000000eab80000)
  object space 35840K, 42% used [0x00000000c0200000,0x00000000c10f5fc8,0x00000000c2500000)
 Metaspace       used 34883K, capacity 35254K, committed 35456K, reserved 1081344K
  class space    used 4296K, capacity 4400K, committed 4480K, reserved 1048576K
Event: 14.523 GC heap after
Heap after GC invocations=12 (full 1):
 PSYoungGen      total 147456K, used 4557K [0x00000000eab80000, 0x00000000f7500000, 0x0000000100000000)
  eden space 134144K, 0% used [0x00000000eab80000,0x00000000eab80000,0x00000000f2e80000)
  from space 13312K, 34% used [0x00000000f2e80000,0x00000000f32f37a8,0x00000000f3b80000)
  to   space 12800K, 0% used [0x00000000f6880000,0x00000000f6880000,0x00000000f7500000)
 ParOldGen       total 35840K, used 24066K [0x00000000c0200000, 0x00000000c2500000, 0x00000000eab80000)
  object space 35840K, 67% used [0x00000000c0200000,0x00000000c1980bf8,0x00000000c2500000)
 Metaspace       used 34883K, capacity 35254K, committed 35456K, reserved 1081344K
  class space    used 4296K, capacity 4400K, committed 4480K, reserved 1048576K
}
Event: 14.524 GC heap before
{Heap before GC invocations=13 (full 2):
 PSYoungGen      total 147456K, used 4557K [0x00000000eab80000, 0x00000000f7500000, 0x0000000100000000)
  eden space 134144K, 0% used [0x00000000eab80000,0x00000000eab80000,0x00000000f2e80000)
  from space 13312K, 34% used [0x00000000f2e80000,0x00000000f32f37a8,0x00000000f3b80000)
  to   space 12800K, 0% used [0x00000000f6880000,0x00000000f6880000,0x00000000f7500000)
 ParOldGen       total 35840K, used 24066K [0x00000000c0200000, 0x00000000c2500000, 0x00000000eab80000)
  object space 35840K, 67% used [0x00000000c0200000,0x00000000c1980bf8,0x00000000c2500000)
 Metaspace       used 34883K, capacity 35254K, committed 35456K, reserved 1081344K
  class space    used 4296K, capacity 4400K, committed 4480K, reserved 1048576K
Event: 14.869 GC heap after
Heap after GC invocations=13 (full 2):
 PSYoungGen      total 147456K, used 0K [0x00000000eab80000, 0x00000000f7500000, 0x0000000100000000)
  eden space 134144K, 0% used [0x00000000eab80000,0x00000000eab80000,0x00000000f2e80000)
  from space 13312K, 0% used [0x00000000f2e80000,0x00000000f2e80000,0x00000000f3b80000)
  to   space 12800K, 0% used [0x00000000f6880000,0x00000000f6880000,0x00000000f7500000)
 ParOldGen       total 64000K, used 22108K [0x00000000c0200000, 0x00000000c4080000, 0x00000000eab80000)
  object space 64000K, 34% used [0x00000000c0200000,0x00000000c17973b8,0x00000000c4080000)
 Metaspace       used 34883K, capacity 35254K, committed 35456K, reserved 1081344K
  class space    used 4296K, capacity 4400K, committed 4480K, reserved 1048576K
}
Event: 22.608 GC heap before
{Heap before GC invocations=14 (full 2):
 PSYoungGen      total 147456K, used 134144K [0x00000000eab80000, 0x00000000f7500000, 0x0000000100000000)
  eden space 134144K, 100% used [0x00000000eab80000,0x00000000f2e80000,0x00000000f2e80000)
  from space 13312K, 0% used [0x00000000f2e80000,0x00000000f2e80000,0x00000000f3b80000)
  to   space 12800K, 0% used [0x00000000f6880000,0x00000000f6880000,0x00000000f7500000)
 ParOldGen       total 64000K, used 22108K [0x00000000c0200000, 0x00000000c4080000, 0x00000000eab80000)
  object space 64000K, 34% used [0x00000000c0200000,0x00000000c17973b8,0x00000000c4080000)
 Metaspace       used 44528K, capacity 45106K, committed 45568K, reserved 1089536K
  class space    used 5662K, capacity 5802K, committed 5888K, reserved 1048576K
Event: 22.690 GC heap after
Heap after GC invocations=14 (full 2):
 PSYoungGen      total 182784K, used 12791K [0x00000000eab80000, 0x00000000f7500000, 0x0000000100000000)
  eden space 169984K, 0% used [0x00000000eab80000,0x00000000eab80000,0x00000000f5180000)
  from space 12800K, 99% used [0x00000000f6880000,0x00000000f74fde18,0x00000000f7500000)
  to   space 15872K, 0% used [0x00000000f5600000,0x00000000f5600000,0x00000000f6580000)
 ParOldGen       total 64000K, used 24866K [0x00000000c0200000, 0x00000000c4080000, 0x00000000eab80000)
  object space 64000K, 38% used [0x00000000c0200000,0x00000000c1a48b60,0x00000000c4080000)
 Metaspace       used 44528K, capacity 45106K, committed 45568K, reserved 1089536K
  class space    used 5662K, capacity 5802K, committed 5888K, reserved 1048576K
}

